f:\repos\ascension game engine\ascension core\x64\release\d3d11rendersystem.obj
f:\repos\ascension game engine\ascension core\x64\release\releasecom.obj
f:\repos\ascension game engine\ascension core\x64\release\transform.obj
f:\repos\ascension game engine\ascension core\x64\release\vector2f.obj
f:\repos\ascension game engine\ascension core\x64\release\componenthandle.obj
f:\repos\ascension game engine\ascension core\x64\release\engine.obj
f:\repos\ascension game engine\ascension core\x64\release\gameobject.obj
f:\repos\ascension game engine\ascension core\x64\release\main.obj
f:\repos\ascension game engine\ascension core\x64\release\vector4f.obj
f:\repos\ascension game engine\ascension core\x64\release\d3d11renderer.obj
f:\repos\ascension game engine\ascension core\x64\release\systemmanager.obj
f:\repos\ascension game engine\ascension core\x64\release\timer.obj
f:\repos\ascension game engine\ascension core\x64\release\vector3f.obj
f:\repos\ascension game engine\ascension core\x64\release\component.obj
f:\repos\ascension game engine\ascension core\x64\release\enginesystem.obj
f:\repos\ascension game engine\ascension core\x64\release\gameobjectfactory.obj
f:\repos\ascension game engine\ascension core\x64\release\rendersystem.obj
f:\repos\ascension game engine\ascension core\x64\release\scene.obj
f:\repos\ascension game engine\ascension core\x64\release\testsystem.obj
f:\repos\ascension game engine\ascension core\x64\release\vc140.pdb
f:\repos\ascension game engine\ascension core\x64\release\d3d11vertex.obj
f:\repos\ascension game engine\ascension core\x64\release\d3d11vertexshader.obj
f:\repos\ascension game engine\x64\release\ascension core.exe
f:\repos\ascension game engine\x64\release\ascension core.ipdb
f:\repos\ascension game engine\x64\release\ascension core.iobj
f:\repos\ascension game engine\x64\release\ascension core.pdb
f:\repos\ascension game engine\ascension core\x64\release\ascension core.tlog\cl.command.1.tlog
f:\repos\ascension game engine\ascension core\x64\release\ascension core.tlog\cl.read.1.tlog
f:\repos\ascension game engine\ascension core\x64\release\ascension core.tlog\cl.write.1.tlog
f:\repos\ascension game engine\ascension core\x64\release\ascension core.tlog\link.command.1.tlog
f:\repos\ascension game engine\ascension core\x64\release\ascension core.tlog\link.read.1.tlog
f:\repos\ascension game engine\ascension core\x64\release\ascension core.tlog\link.write.1.tlog
